<?xml version="1.0" encoding="UTF-8"?>
<testsuite name="hello2.proxy.advisor.MultiAdvisorTest" tests="1" skipped="0" failures="0" errors="0" timestamp="2022-04-13T14:27:56" hostname="sinhyeong-giui-MacBookPro.local" time="0.025">
  <properties/>
  <testcase name="하나의 프록시, 여러 어드바이저" classname="hello2.proxy.advisor.MultiAdvisorTest" time="0.025"/>
  <system-out><![CDATA[23:27:56.404 [Test worker] INFO hello2.proxy.advisor.MultiAdvisorTest - advice2 호출
23:27:56.405 [Test worker] INFO hello2.proxy.advisor.MultiAdvisorTest - advice1 호출
23:27:56.405 [Test worker] INFO hello2.proxy.common.service.ServiceImpl - save 호출
]]></system-out>
  <system-err><![CDATA[]]></system-err>
</testsuite>
