<?xml version="1.0" encoding="UTF-8"?>
<testsuite name="hello2.proxy.pureproxy.concreteproxy.ConcreteProxyTest" tests="1" skipped="0" failures="0" errors="0" timestamp="2022-03-10T04:52:52" hostname="sinhyeong-giui-MacBookPro.local" time="0.029">
  <properties/>
  <testcase name="addProxy()" classname="hello2.proxy.pureproxy.concreteproxy.ConcreteProxyTest" time="0.029"/>
  <system-out><![CDATA[13:52:52.163 [Test worker] INFO hello2.proxy.pureproxy.concreteproxy.code.TimeProxy - TimeDecorator 실행
13:52:52.165 [Test worker] INFO hello2.proxy.pureproxy.concreteproxy.code.ConcreteLogic - ConcreteLogic 실행
13:52:52.165 [Test worker] INFO hello2.proxy.pureproxy.concreteproxy.code.TimeProxy - TimeDecorator 종료 resultTime=0ms
]]></system-out>
  <system-err><![CDATA[]]></system-err>
</testsuite>
