<?xml version="1.0" encoding="UTF-8"?>
<testsuite name="hello.advanced.trace.strategy.code.template.TemplateCallbackTest" tests="1" skipped="0" failures="0" errors="0" timestamp="2022-03-06T14:32:01" hostname="sinhyeong-giui-MacBookPro.local" time="0.016">
  <properties/>
  <testcase name="callBackV1()" classname="hello.advanced.trace.strategy.code.template.TemplateCallbackTest" time="0.016"/>
  <system-out><![CDATA[23:32:01.671 [Test worker] INFO hello.advanced.trace.strategy.code.template.TemplateCallbackTest - 비즈니스 로직 1 실행
23:32:01.673 [Test worker] INFO hello.advanced.trace.strategy.code.template.TimeLogTemplate - resultTime=3
23:32:01.675 [Test worker] INFO hello.advanced.trace.strategy.code.template.TemplateCallbackTest - 비즈니스 로직 2 실행
23:32:01.675 [Test worker] INFO hello.advanced.trace.strategy.code.template.TimeLogTemplate - resultTime=0
]]></system-out>
  <system-err><![CDATA[]]></system-err>
</testsuite>
