<?xml version="1.0" encoding="UTF-8"?>
<testsuite name="hello2.proxy.pureproxy.concreteproxy.ConcreteProxyTest" tests="1" skipped="0" failures="0" errors="0" timestamp="2022-03-10T04:45:14" hostname="sinhyeong-giui-MacBookPro.local" time="0.032">
  <properties/>
  <testcase name="noProxy()" classname="hello2.proxy.pureproxy.concreteproxy.ConcreteProxyTest" time="0.032"/>
  <system-out><![CDATA[13:45:14.301 [Test worker] INFO hello2.proxy.pureproxy.concreteproxy.code.ConcreteLogic - ConcreteLogic 실행
]]></system-out>
  <system-err><![CDATA[]]></system-err>
</testsuite>
