<?xml version="1.0" encoding="UTF-8"?>
<testsuite name="hello2.proxy.pureproxy.concreteproxy.ConcreteProxyTest" tests="1" skipped="0" failures="0" errors="0" timestamp="2022-03-10T06:12:36" hostname="sinhyeong-giui-MacBookPro.local" time="0.033">
  <properties/>
  <testcase name="addProxy()" classname="hello2.proxy.pureproxy.concreteproxy.ConcreteProxyTest" time="0.033"/>
  <system-out><![CDATA[15:12:36.433 [Test worker] INFO hello2.proxy.pureproxy.concreteproxy.code.TimeProxy - TimeDecorator 실행
15:12:36.434 [Test worker] INFO hello2.proxy.pureproxy.concreteproxy.code.ConcreteLogic - ConcreteLogic 실행
15:12:36.434 [Test worker] INFO hello2.proxy.pureproxy.concreteproxy.code.TimeProxy - TimeDecorator 종료 resultTime=0ms
]]></system-out>
  <system-err><![CDATA[]]></system-err>
</testsuite>
