<?xml version="1.0" encoding="UTF-8"?>
<testsuite name="hello2.proxy.advisor.AdvisorTest" tests="1" skipped="0" failures="0" errors="0" timestamp="2022-04-13T13:16:13" hostname="sinhyeong-giui-MacBookPro.local" time="0.028">
  <properties/>
  <testcase name="스프링이 제공하는 포인트컷" classname="hello2.proxy.advisor.AdvisorTest" time="0.028"/>
  <system-out><![CDATA[22:16:13.797 [Test worker] INFO hello2.proxy.common.advice.TimeAdvice - TimeProxy 실행
22:16:13.798 [Test worker] INFO hello2.proxy.common.service.ServiceImpl - save 호출
22:16:13.798 [Test worker] INFO hello2.proxy.common.advice.TimeAdvice - TimeProxy 종료 resultTime=0
22:16:13.799 [Test worker] INFO hello2.proxy.common.service.ServiceImpl - find 호출
]]></system-out>
  <system-err><![CDATA[]]></system-err>
</testsuite>
