<?xml version="1.0" encoding="UTF-8"?>
<testsuite name="hello2.proxy.advisor.AdvisorTest" tests="1" skipped="0" failures="0" errors="0" timestamp="2022-04-13T13:06:10" hostname="sinhyeong-giui-MacBookPro.local" time="0.027">
  <properties/>
  <testcase name="직접 만든 포인트컷" classname="hello2.proxy.advisor.AdvisorTest" time="0.027"/>
  <system-out><![CDATA[22:06:10.271 [Test worker] INFO hello2.proxy.advisor.AdvisorTest - 포인트컷 호출 method=save targetClass=class hello2.proxy.common.service.ServiceImpl
22:06:10.273 [Test worker] INFO hello2.proxy.advisor.AdvisorTest - 포인트컷 결과 result=true
22:06:10.275 [Test worker] INFO hello2.proxy.common.advice.TimeAdvice - TimeProxy 실행
22:06:10.275 [Test worker] INFO hello2.proxy.common.service.ServiceImpl - save 호출
22:06:10.275 [Test worker] INFO hello2.proxy.common.advice.TimeAdvice - TimeProxy 종료 resultTime=0
22:06:10.275 [Test worker] INFO hello2.proxy.advisor.AdvisorTest - 포인트컷 호출 method=find targetClass=class hello2.proxy.common.service.ServiceImpl
22:06:10.275 [Test worker] INFO hello2.proxy.advisor.AdvisorTest - 포인트컷 결과 result=false
22:06:10.275 [Test worker] INFO hello2.proxy.common.service.ServiceImpl - find 호출
]]></system-out>
  <system-err><![CDATA[]]></system-err>
</testsuite>
