<?xml version="1.0" encoding="UTF-8"?>
<testsuite name="hello2.proxy.jdkdynamic.JdkDynamicProxyTest" tests="1" skipped="0" failures="0" errors="0" timestamp="2022-04-07T15:52:13" hostname="sinhyeong-giui-MacBookPro.local" time="0.009">
  <properties/>
  <testcase name="dynamicA()" classname="hello2.proxy.jdkdynamic.JdkDynamicProxyTest" time="0.009"/>
  <system-out><![CDATA[00:52:13.084 [Test worker] INFO hello2.proxy.jdkdynamic.code.TimeInvocationHandler - TimeProxy 실행
00:52:13.085 [Test worker] INFO hello2.proxy.jdkdynamic.code.AImpl - A 호출
00:52:13.085 [Test worker] INFO hello2.proxy.jdkdynamic.code.TimeInvocationHandler - TimeProxy 종료 resultTime=0
00:52:13.086 [Test worker] INFO hello2.proxy.jdkdynamic.JdkDynamicProxyTest - targetClass=class hello2.proxy.jdkdynamic.code.AImpl
00:52:13.086 [Test worker] INFO hello2.proxy.jdkdynamic.JdkDynamicProxyTest - proxyClass=class com.sun.proxy.$Proxy11
]]></system-out>
  <system-err><![CDATA[]]></system-err>
</testsuite>
