<?xml version="1.0" encoding="UTF-8"?>
<testsuite name="hello2.proxy.jdkdynamic.JdkDynamicProxyTest" tests="1" skipped="0" failures="0" errors="0" timestamp="2022-03-10T13:14:21" hostname="sinhyeong-giui-MacBookPro.local" time="0.009">
  <properties/>
  <testcase name="dynamicB()" classname="hello2.proxy.jdkdynamic.JdkDynamicProxyTest" time="0.009"/>
  <system-out><![CDATA[22:14:21.579 [Test worker] INFO hello2.proxy.jdkdynamic.code.TimeInvocationHandler - TimeProxy 실행
22:14:21.580 [Test worker] INFO hello2.proxy.jdkdynamic.code.BImpl - B 호출
22:14:21.580 [Test worker] INFO hello2.proxy.jdkdynamic.code.TimeInvocationHandler - TimeProxy 종료 resultTime=0
22:14:21.581 [Test worker] INFO hello2.proxy.jdkdynamic.JdkDynamicProxyTest - targetClass=class hello2.proxy.jdkdynamic.code.BImpl
22:14:21.581 [Test worker] INFO hello2.proxy.jdkdynamic.JdkDynamicProxyTest - proxyClass=class com.sun.proxy.$Proxy11
]]></system-out>
  <system-err><![CDATA[]]></system-err>
</testsuite>
