<?xml version="1.0" encoding="UTF-8"?>
<testsuite name="hello2.proxy.pureproxy.decorator.DecoratorPatternTest" tests="1" skipped="0" failures="0" errors="0" timestamp="2022-03-10T00:42:31" hostname="sinhyeong-giui-MacBookPro.local" time="0.01">
  <properties/>
  <testcase name="decorator2()" classname="hello2.proxy.pureproxy.decorator.DecoratorPatternTest" time="0.01"/>
  <system-out><![CDATA[09:42:31.658 [Test worker] INFO hello2.proxy.pureproxy.decorator.code.TimeDecorator - TimeDecorator 실행
09:42:31.659 [Test worker] INFO hello2.proxy.pureproxy.decorator.code.MessageDecorator - MessageDecorator 실행
09:42:31.659 [Test worker] INFO hello2.proxy.pureproxy.decorator.code.RealComponent - RealComponent 를 실행
09:42:31.660 [Test worker] INFO hello2.proxy.pureproxy.decorator.code.MessageDecorator - MessageDecorator 꾸미기 적용 전=data, 적용후=*****data*****
09:42:31.661 [Test worker] INFO hello2.proxy.pureproxy.decorator.code.TimeDecorator - TimeDecorator 종료 resultTime=2ms
09:42:31.661 [Test worker] INFO hello2.proxy.pureproxy.decorator.code.DecoratorPatternClient - result = *****data*****
]]></system-out>
  <system-err><![CDATA[]]></system-err>
</testsuite>
